<?xml version="1.0" encoding="UTF-8"?>
<!-- Generated by org.testng.reporters.JUnitReportReporter -->
<testsuite hostname="DESKTOP-OS617JJ" failures="0" tests="1" name="org.ait.demoqa.tests.bookStore.LoginPageTests" time="18.254" errors="0" timestamp="2023-10-12T12:29:26 MESZ" skipped="0">
  <testcase classname="org.ait.demoqa.tests.bookStore.LoginPageTests" name="loginPositiveTest" time="18.254"/>
</testsuite> <!-- org.ait.demoqa.tests.bookStore.LoginPageTests -->
